<?xml version="1.0" encoding="UTF-8"?>
<!-- Generated by org.testng.reporters.JUnitXMLReporter -->
<testsuite hostname="DESKTOP-JHU342G" ignored="0" name="Surefire test" tests="2" failures="0" timestamp="04 sep 2020 02:35:03 GMT" time="31.48" errors="0">
  <testcase name="testCalculadoraCompleja" time="5.393" classname="com.com470.seleniumCalculadora.SeleniumCalculadoraAppApplicationNGTest"/>
  <testcase name="testCalculadoraSimple" time="6.029" classname="com.com470.seleniumCalculadora.SeleniumCalculadoraAppApplicationNGTest"/>
</testsuite> <!-- Surefire test -->
