<?xml version="1.0" encoding="UTF-8"?>
<testng-results skipped="0" failed="0" ignored="0" total="2" passed="2">
  <reporter-output>
  </reporter-output>
  <suite name="Surefire suite" duration-ms="31480" started-at="2020-09-04T02:34:32Z" finished-at="2020-09-04T02:35:03Z">
    <groups>
    </groups>
    <test name="Surefire test" duration-ms="31480" started-at="2020-09-04T02:34:32Z" finished-at="2020-09-04T02:35:03Z">
      <class name="com.com470.seleniumCalculadora.SeleniumCalculadoraAppApplicationNGTest">
        <test-method status="PASS" signature="setUpMethod()[pri:0, instance:com.com470.seleniumCalculadora.SeleniumCalculadoraAppApplicationNGTest@9629756]" name="setUpMethod" is-config="true" duration-ms="9888" started-at="2020-09-04T02:34:32Z" finished-at="2020-09-04T02:34:41Z">
          <reporter-output>
          </reporter-output>
        </test-method> <!-- setUpMethod -->
        <test-method status="PASS" signature="testCalculadoraCompleja()[pri:0, instance:com.com470.seleniumCalculadora.SeleniumCalculadoraAppApplicationNGTest@9629756]" name="testCalculadoraCompleja" duration-ms="5393" started-at="2020-09-04T02:34:41Z" finished-at="2020-09-04T02:34:47Z">
          <reporter-output>
          </reporter-output>
        </test-method> <!-- testCalculadoraCompleja -->
        <test-method status="PASS" signature="tearDownMethod()[pri:0, instance:com.com470.seleniumCalculadora.SeleniumCalculadoraAppApplicationNGTest@9629756]" name="tearDownMethod" is-config="true" duration-ms="683" started-at="2020-09-04T02:34:47Z" finished-at="2020-09-04T02:34:48Z">
          <reporter-output>
          </reporter-output>
        </test-method> <!-- tearDownMethod -->
        <test-method status="PASS" signature="setUpMethod()[pri:0, instance:com.com470.seleniumCalculadora.SeleniumCalculadoraAppApplicationNGTest@9629756]" name="setUpMethod" is-config="true" duration-ms="8771" started-at="2020-09-04T02:34:48Z" finished-at="2020-09-04T02:34:56Z">
          <reporter-output>
          </reporter-output>
        </test-method> <!-- setUpMethod -->
        <test-method status="PASS" signature="testCalculadoraSimple()[pri:0, instance:com.com470.seleniumCalculadora.SeleniumCalculadoraAppApplicationNGTest@9629756]" name="testCalculadoraSimple" duration-ms="6029" started-at="2020-09-04T02:34:56Z" finished-at="2020-09-04T02:35:02Z">
          <reporter-output>
          </reporter-output>
        </test-method> <!-- testCalculadoraSimple -->
        <test-method status="PASS" signature="tearDownMethod()[pri:0, instance:com.com470.seleniumCalculadora.SeleniumCalculadoraAppApplicationNGTest@9629756]" name="tearDownMethod" is-config="true" duration-ms="680" started-at="2020-09-04T02:35:02Z" finished-at="2020-09-04T02:35:03Z">
          <reporter-output>
          </reporter-output>
        </test-method> <!-- tearDownMethod -->
      </class> <!-- com.com470.seleniumCalculadora.SeleniumCalculadoraAppApplicationNGTest -->
    </test> <!-- Surefire test -->
  </suite> <!-- Surefire suite -->
</testng-results>
