<?xml version="1.0" encoding="UTF-8"?>
<testsuite xmlns:xsi="http://www.w3.org/2001/XMLSchema-instance" xsi:schemaLocation="https://maven.apache.org/surefire/maven-surefire-plugin/xsd/surefire-test-report.xsd" name="com.com470.seleniumMercuryApp.SeleniumMercuryAppApplicationNGTest" time="41.787" tests="5" errors="0" skipped="2" failures="3">
  <properties>
[...]
</properties>
  <testcase name="testLogeoExitoso" classname="com.com470.seleniumMercuryApp.SeleniumMercuryAppApplicationNGTest" time="2.17">
    <failure message="no such element: Unable to locate element: {&quot;method&quot;:&quot;css selector&quot;,&quot;selector&quot;:&quot;*[name=&apos;userName&apos;]&quot;}&#10;  (Session info: chrome=85.0.4183.83)&#10;For documentation on this error, please visit: https://www.seleniumhq.org/exceptions/no_such_element.html&#10;Build info: version: &apos;3.141.59&apos;, revision: &apos;e82be7d358&apos;, time: &apos;2018-11-14T08:17:03&apos;&#10;System info: host: &apos;DESKTOP-JHU342G&apos;, ip: &apos;192.168.56.1&apos;, os.name: &apos;Windows 10&apos;, os.arch: &apos;amd64&apos;, os.version: &apos;10.0&apos;, java.version: &apos;1.8.0_171&apos;&#10;Driver info: org.openqa.selenium.chrome.ChromeDriver&#10;Capabilities {acceptInsecureCerts: false, browserName: chrome, browserVersion: 85.0.4183.83, chrome: {chromedriverVersion: 85.0.4183.87 (cd6713ebf92fa..., userDataDir: C:\Users\User\AppData\Local...}, goog:chromeOptions: {debuggerAddress: localhost:49846}, javascriptEnabled: true, networkConnectionEnabled: false, pageLoadStrategy: normal, platform: WINDOWS, platformName: WINDOWS, proxy: Proxy(), setWindowRect: true, strictFileInteractability: false, timeouts: {implicit: 0, pageLoad: 300000, script: 30000}, unhandledPromptBehavior: dismiss and notify, webauthn:virtualAuthenticators: true}&#10;Session ID: 3ee22f225589b37a5d3a89670038dcd7&#10;*** Element info: {Using=name, value=userName}" type="org.openqa.selenium.NoSuchElementException">org.openqa.selenium.NoSuchElementException: 
no such element: Unable to locate element: {"method":"css selector","selector":"*[name='userName']"}
  (Session info: chrome=85.0.4183.83)
For documentation on this error, please visit: https://www.seleniumhq.org/exceptions/no_such_element.html
Build info: version: '3.141.59', revision: 'e82be7d358', time: '2018-11-14T08:17:03'
System info: host: 'DESKTOP-JHU342G', ip: '192.168.56.1', os.name: 'Windows 10', os.arch: 'amd64', os.version: '10.0', java.version: '1.8.0_171'
Driver info: org.openqa.selenium.chrome.ChromeDriver
Capabilities {acceptInsecureCerts: false, browserName: chrome, browserVersion: 85.0.4183.83, chrome: {chromedriverVersion: 85.0.4183.87 (cd6713ebf92fa..., userDataDir: C:\Users\User\AppData\Local...}, goog:chromeOptions: {debuggerAddress: localhost:49846}, javascriptEnabled: true, networkConnectionEnabled: false, pageLoadStrategy: normal, platform: WINDOWS, platformName: WINDOWS, proxy: Proxy(), setWindowRect: true, strictFileInteractability: false, timeouts: {implicit: 0, pageLoad: 300000, script: 30000}, unhandledPromptBehavior: dismiss and notify, webauthn:virtualAuthenticators: true}
Session ID: 3ee22f225589b37a5d3a89670038dcd7
*** Element info: {Using=name, value=userName}
	at com.com470.seleniumMercuryApp.SeleniumMercuryAppApplicationNGTest.testLogeoExitoso(SeleniumMercuryAppApplicationNGTest.java:44)
</failure>
    <system-err><![CDATA[Starting ChromeDriver 85.0.4183.87 (cd6713ebf92fa1cacc0f1a598df280093af0c5d7-refs/branch-heads/4183@{#1689}) on port 2356
Only local connections are allowed.
Please see https://chromedriver.chromium.org/security-considerations for suggestions on keeping ChromeDriver safe.
ChromeDriver was started successfully.
sep 03, 2020 6:32:11 PM org.openqa.selenium.remote.ProtocolHandshake createSession
INFORMACIÓN: Detected dialect: W3C
]]></system-err>
  </testcase>
  <testcase name="testLogeoFallido" classname="com.com470.seleniumMercuryApp.SeleniumMercuryAppApplicationNGTest" time="1.878">
    <failure message="no such element: Unable to locate element: {&quot;method&quot;:&quot;css selector&quot;,&quot;selector&quot;:&quot;*[name=&apos;userName&apos;]&quot;}&#10;  (Session info: chrome=85.0.4183.83)&#10;For documentation on this error, please visit: https://www.seleniumhq.org/exceptions/no_such_element.html&#10;Build info: version: &apos;3.141.59&apos;, revision: &apos;e82be7d358&apos;, time: &apos;2018-11-14T08:17:03&apos;&#10;System info: host: &apos;DESKTOP-JHU342G&apos;, ip: &apos;192.168.56.1&apos;, os.name: &apos;Windows 10&apos;, os.arch: &apos;amd64&apos;, os.version: &apos;10.0&apos;, java.version: &apos;1.8.0_171&apos;&#10;Driver info: org.openqa.selenium.chrome.ChromeDriver&#10;Capabilities {acceptInsecureCerts: false, browserName: chrome, browserVersion: 85.0.4183.83, chrome: {chromedriverVersion: 85.0.4183.87 (cd6713ebf92fa..., userDataDir: C:\Users\User\AppData\Local...}, goog:chromeOptions: {debuggerAddress: localhost:49871}, javascriptEnabled: true, networkConnectionEnabled: false, pageLoadStrategy: normal, platform: WINDOWS, platformName: WINDOWS, proxy: Proxy(), setWindowRect: true, strictFileInteractability: false, timeouts: {implicit: 0, pageLoad: 300000, script: 30000}, unhandledPromptBehavior: dismiss and notify, webauthn:virtualAuthenticators: true}&#10;Session ID: 9387caade85d1213f29d713b7bd882fe&#10;*** Element info: {Using=name, value=userName}" type="org.openqa.selenium.NoSuchElementException">org.openqa.selenium.NoSuchElementException: 
no such element: Unable to locate element: {"method":"css selector","selector":"*[name='userName']"}
  (Session info: chrome=85.0.4183.83)
For documentation on this error, please visit: https://www.seleniumhq.org/exceptions/no_such_element.html
Build info: version: '3.141.59', revision: 'e82be7d358', time: '2018-11-14T08:17:03'
System info: host: 'DESKTOP-JHU342G', ip: '192.168.56.1', os.name: 'Windows 10', os.arch: 'amd64', os.version: '10.0', java.version: '1.8.0_171'
Driver info: org.openqa.selenium.chrome.ChromeDriver
Capabilities {acceptInsecureCerts: false, browserName: chrome, browserVersion: 85.0.4183.83, chrome: {chromedriverVersion: 85.0.4183.87 (cd6713ebf92fa..., userDataDir: C:\Users\User\AppData\Local...}, goog:chromeOptions: {debuggerAddress: localhost:49871}, javascriptEnabled: true, networkConnectionEnabled: false, pageLoadStrategy: normal, platform: WINDOWS, platformName: WINDOWS, proxy: Proxy(), setWindowRect: true, strictFileInteractability: false, timeouts: {implicit: 0, pageLoad: 300000, script: 30000}, unhandledPromptBehavior: dismiss and notify, webauthn:virtualAuthenticators: true}
Session ID: 9387caade85d1213f29d713b7bd882fe
*** Element info: {Using=name, value=userName}
	at com.com470.seleniumMercuryApp.SeleniumMercuryAppApplicationNGTest.testLogeoFallido(SeleniumMercuryAppApplicationNGTest.java:35)
</failure>
    <system-err><![CDATA[Starting ChromeDriver 85.0.4183.87 (cd6713ebf92fa1cacc0f1a598df280093af0c5d7-refs/branch-heads/4183@{#1689}) on port 46150
Only local connections are allowed.
Please see https://chromedriver.chromium.org/security-considerations for suggestions on keeping ChromeDriver safe.
ChromeDriver was started successfully.
sep 03, 2020 6:32:24 PM org.openqa.selenium.remote.ProtocolHandshake createSession
INFORMACIÓN: Detected dialect: W3C
]]></system-err>
  </testcase>
  <testcase name="setUpMethod" classname="com.com470.seleniumMercuryApp.SeleniumMercuryAppApplicationNGTest" time="15.863">
    <failure message="session not created&#10;from chrome not reachable&#10;  (Session info: chrome=85.0.4183.83)&#10;Build info: version: &apos;3.141.59&apos;, revision: &apos;e82be7d358&apos;, time: &apos;2018-11-14T08:17:03&apos;&#10;System info: host: &apos;DESKTOP-JHU342G&apos;, ip: &apos;192.168.56.1&apos;, os.name: &apos;Windows 10&apos;, os.arch: &apos;amd64&apos;, os.version: &apos;10.0&apos;, java.version: &apos;1.8.0_171&apos;&#10;Driver info: driver.version: ChromeDriver&#10;remote stacktrace: Backtrace:&#10;	Ordinal0 [0x011DD383+3134339]&#10;	Ordinal0 [0x010CA171+2007409]&#10;	Ordinal0 [0x00F6AD90+568720]&#10;	Ordinal0 [0x00F61364+529252]&#10;	Ordinal0 [0x00F619FC+530940]&#10;	Ordinal0 [0x00F62C15+535573]&#10;	Ordinal0 [0x00F5DFC5+516037]&#10;	Ordinal0 [0x00F6BF70+573296]&#10;	Ordinal0 [0x00F11916+203030]&#10;	Ordinal0 [0x00F10C1D+199709]&#10;	Ordinal0 [0x00F0EB0B+191243]&#10;	Ordinal0 [0x00EF2E77+77431]&#10;	Ordinal0 [0x00EF3E3E+81470]&#10;	Ordinal0 [0x00EF3DC9+81353]&#10;	Ordinal0 [0x010E0CD9+2100441]&#10;	GetHandleVerifier [0x0134B75A+1396954]&#10;	GetHandleVerifier [0x0134B3D9+1396057]&#10;	GetHandleVerifier [0x01357126+1444518]&#10;	GetHandleVerifier [0x0134BCE8+1398376]&#10;	Ordinal0 [0x010D7F51+2064209]&#10;	Ordinal0 [0x010E22EB+2106091]&#10;	Ordinal0 [0x010E2411+2106385]&#10;	Ordinal0 [0x010F49C4+2181572]&#10;	BaseThreadInitThunk [0x753AF989+25]&#10;	RtlGetAppContainerNamedObjectPath [0x770D74A4+228]&#10;	RtlGetAppContainerNamedObjectPath [0x770D7474+180]&#10;" type="org.openqa.selenium.SessionNotCreatedException">org.openqa.selenium.SessionNotCreatedException: 
session not created
from chrome not reachable
  (Session info: chrome=85.0.4183.83)
Build info: version: '3.141.59', revision: 'e82be7d358', time: '2018-11-14T08:17:03'
System info: host: 'DESKTOP-JHU342G', ip: '192.168.56.1', os.name: 'Windows 10', os.arch: 'amd64', os.version: '10.0', java.version: '1.8.0_171'
Driver info: driver.version: ChromeDriver
remote stacktrace: Backtrace:
	Ordinal0 [0x011DD383+3134339]
	Ordinal0 [0x010CA171+2007409]
	Ordinal0 [0x00F6AD90+568720]
	Ordinal0 [0x00F61364+529252]
	Ordinal0 [0x00F619FC+530940]
	Ordinal0 [0x00F62C15+535573]
	Ordinal0 [0x00F5DFC5+516037]
	Ordinal0 [0x00F6BF70+573296]
	Ordinal0 [0x00F11916+203030]
	Ordinal0 [0x00F10C1D+199709]
	Ordinal0 [0x00F0EB0B+191243]
	Ordinal0 [0x00EF2E77+77431]
	Ordinal0 [0x00EF3E3E+81470]
	Ordinal0 [0x00EF3DC9+81353]
	Ordinal0 [0x010E0CD9+2100441]
	GetHandleVerifier [0x0134B75A+1396954]
	GetHandleVerifier [0x0134B3D9+1396057]
	GetHandleVerifier [0x01357126+1444518]
	GetHandleVerifier [0x0134BCE8+1398376]
	Ordinal0 [0x010D7F51+2064209]
	Ordinal0 [0x010E22EB+2106091]
	Ordinal0 [0x010E2411+2106385]
	Ordinal0 [0x010F49C4+2181572]
	BaseThreadInitThunk [0x753AF989+25]
	RtlGetAppContainerNamedObjectPath [0x770D74A4+228]
	RtlGetAppContainerNamedObjectPath [0x770D7474+180]

	at com.com470.seleniumMercuryApp.SeleniumMercuryAppApplicationNGTest.setUpMethod(SeleniumMercuryAppApplicationNGTest.java:27)
</failure>
    <system-err><![CDATA[Starting ChromeDriver 85.0.4183.87 (cd6713ebf92fa1cacc0f1a598df280093af0c5d7-refs/branch-heads/4183@{#1689}) on port 6451
Only local connections are allowed.
Please see https://chromedriver.chromium.org/security-considerations for suggestions on keeping ChromeDriver safe.
ChromeDriver was started successfully.
[1599172359.717][WARNING]: Timed out connecting to Chrome, retrying...
]]></system-err>
  </testcase>
  <testcase name="testPasajeros" classname="com.com470.seleniumMercuryApp.SeleniumMercuryAppApplicationNGTest" time="0">
    <skipped message="session not created&#10;from chrome not reachable&#10;  (Session info: chrome=85.0.4183.83)&#10;Build info: version: &apos;3.141.59&apos;, revision: &apos;e82be7d358&apos;, time: &apos;2018-11-14T08:17:03&apos;&#10;System info: host: &apos;DESKTOP-JHU342G&apos;, ip: &apos;192.168.56.1&apos;, os.name: &apos;Windows 10&apos;, os.arch: &apos;amd64&apos;, os.version: &apos;10.0&apos;, java.version: &apos;1.8.0_171&apos;&#10;Driver info: driver.version: ChromeDriver&#10;remote stacktrace: Backtrace:&#10;	Ordinal0 [0x011DD383+3134339]&#10;	Ordinal0 [0x010CA171+2007409]&#10;	Ordinal0 [0x00F6AD90+568720]&#10;	Ordinal0 [0x00F61364+529252]&#10;	Ordinal0 [0x00F619FC+530940]&#10;	Ordinal0 [0x00F62C15+535573]&#10;	Ordinal0 [0x00F5DFC5+516037]&#10;	Ordinal0 [0x00F6BF70+573296]&#10;	Ordinal0 [0x00F11916+203030]&#10;	Ordinal0 [0x00F10C1D+199709]&#10;	Ordinal0 [0x00F0EB0B+191243]&#10;	Ordinal0 [0x00EF2E77+77431]&#10;	Ordinal0 [0x00EF3E3E+81470]&#10;	Ordinal0 [0x00EF3DC9+81353]&#10;	Ordinal0 [0x010E0CD9+2100441]&#10;	GetHandleVerifier [0x0134B75A+1396954]&#10;	GetHandleVerifier [0x0134B3D9+1396057]&#10;	GetHandleVerifier [0x01357126+1444518]&#10;	GetHandleVerifier [0x0134BCE8+1398376]&#10;	Ordinal0 [0x010D7F51+2064209]&#10;	Ordinal0 [0x010E22EB+2106091]&#10;	Ordinal0 [0x010E2411+2106385]&#10;	Ordinal0 [0x010F49C4+2181572]&#10;	BaseThreadInitThunk [0x753AF989+25]&#10;	RtlGetAppContainerNamedObjectPath [0x770D74A4+228]&#10;	RtlGetAppContainerNamedObjectPath [0x770D7474+180]&#10;"/>
  </testcase>
  <testcase name="tearDownMethod" classname="com.com470.seleniumMercuryApp.SeleniumMercuryAppApplicationNGTest" time="0">
    <skipped/>
  </testcase>
</testsuite>